2026-03-23T09:22:10:  ⨯ SyntaxError: Bad escaped character in JSON at position 94760
2026-03-23T09:22:10:     at JSON.parse (<anonymous>) {
2026-03-23T09:22:10:   digest: '675287852'
2026-03-23T09:22:10: }
2026-03-23T09:22:14:  ⨯ SyntaxError: Bad escaped character in JSON at position 94760
2026-03-23T09:22:14:     at JSON.parse (<anonymous>) {
2026-03-23T09:22:14:   digest: '675287852'
2026-03-23T09:22:14: }
2026-03-23T09:22:16:  ⨯ SyntaxError: Bad escaped character in JSON at position 184
2026-03-23T09:22:16:     at JSON.parse (<anonymous>) {
2026-03-23T09:22:16:   digest: '1635283884'
2026-03-23T09:22:16: }
2026-03-23T09:22:18:  ⨯ SyntaxError: Bad escaped character in JSON at position 184
2026-03-23T09:22:18:     at JSON.parse (<anonymous>) {
2026-03-23T09:22:18:   digest: '1635283884'
2026-03-23T09:22:18: }
2026-03-23T09:22:19:  ⨯ SyntaxError: Bad escaped character in JSON at position 143
2026-03-23T09:22:19:     at JSON.parse (<anonymous>) {
2026-03-23T09:22:19:   digest: '2263858220'
2026-03-23T09:22:19: }
2026-03-23T09:22:20:  ⨯ SyntaxError: Bad escaped character in JSON at position 143
2026-03-23T09:22:20:     at JSON.parse (<anonymous>) {
2026-03-23T09:22:20:   digest: '2263858220'
2026-03-23T09:22:20: }
2026-03-23T10:03:37: [Error: Failed to find Server Action "x". This request might be from an older or newer deployment. Original error: Cannot read properties of undefined (reading 'workers')
2026-03-23T10:03:37: Read more: https://nextjs.org/docs/messages/failed-to-find-server-action]
2026-03-23T11:17:27: [Error: Failed to find Server Action "x". This request might be from an older or newer deployment. Original error: Cannot read properties of undefined (reading 'workers')
2026-03-23T11:17:27: Read more: https://nextjs.org/docs/messages/failed-to-find-server-action]
2026-03-23T14:10:35: [Error: Failed to find Server Action "x". This request might be from an older or newer deployment. Original error: Cannot read properties of undefined (reading 'workers')
2026-03-23T14:10:35: Read more: https://nextjs.org/docs/messages/failed-to-find-server-action]
2026-03-23T14:36:59: [Error: Failed to find Server Action "x". This request might be from an older or newer deployment. Original error: Cannot read properties of undefined (reading 'workers')
2026-03-23T14:36:59: Read more: https://nextjs.org/docs/messages/failed-to-find-server-action]
2026-03-23T16:07:45: [Error: Failed to find Server Action "x". This request might be from an older or newer deployment. Original error: Cannot read properties of undefined (reading 'workers')
2026-03-23T16:07:45: Read more: https://nextjs.org/docs/messages/failed-to-find-server-action]
2026-03-23T18:34:28: [Error: Failed to find Server Action "x". This request might be from an older or newer deployment. Original error: Cannot read properties of undefined (reading 'workers')
2026-03-23T18:34:28: Read more: https://nextjs.org/docs/messages/failed-to-find-server-action]
2026-03-23T23:35:35: [Error: Failed to find Server Action "x". This request might be from an older or newer deployment. Original error: Cannot read properties of undefined (reading 'workers')
2026-03-23T23:35:35: Read more: https://nextjs.org/docs/messages/failed-to-find-server-action]
2026-03-24T00:03:16: [Error: Failed to find Server Action "x". This request might be from an older or newer deployment. Original error: Cannot read properties of undefined (reading 'workers')
2026-03-24T00:03:16: Read more: https://nextjs.org/docs/messages/failed-to-find-server-action]
2026-03-24T03:28:58: [Error: Failed to find Server Action "x". This request might be from an older or newer deployment. Original error: Cannot read properties of undefined (reading 'workers')
2026-03-24T03:28:58: Read more: https://nextjs.org/docs/messages/failed-to-find-server-action]
2026-03-24T03:44:16:  ⨯ SyntaxError: Bad escaped character in JSON at position 94760
2026-03-24T03:44:16:     at JSON.parse (<anonymous>) {
2026-03-24T03:44:16:   digest: '675287852'
2026-03-24T03:44:16: }
2026-03-24T03:44:21:  ⨯ SyntaxError: Bad escaped character in JSON at position 94760
2026-03-24T03:44:21:     at JSON.parse (<anonymous>) {
2026-03-24T03:44:21:   digest: '675287852'
2026-03-24T03:44:21: }
2026-03-24T03:44:22:  ⨯ SyntaxError: Bad escaped character in JSON at position 184
2026-03-24T03:44:22:     at JSON.parse (<anonymous>) {
2026-03-24T03:44:22:   digest: '1635283884'
2026-03-24T03:44:22: }
2026-03-24T03:44:22:  ⨯ SyntaxError: Bad escaped character in JSON at position 184
2026-03-24T03:44:22:     at JSON.parse (<anonymous>) {
2026-03-24T03:44:22:   digest: '1635283884'
2026-03-24T03:44:22: }
2026-03-24T03:44:22:  ⨯ SyntaxError: Bad escaped character in JSON at position 143
2026-03-24T03:44:22:     at JSON.parse (<anonymous>) {
2026-03-24T03:44:22:   digest: '2263858220'
2026-03-24T03:44:22: }
2026-03-24T03:44:22:  ⨯ SyntaxError: Bad escaped character in JSON at position 143
2026-03-24T03:44:22:     at JSON.parse (<anonymous>) {
2026-03-24T03:44:22:   digest: '2263858220'
2026-03-24T03:44:22: }
2026-03-24T03:50:21:  ⨯ [Error: Unexpected end of form] { digest: '1574454895' }
2026-03-24T06:09:32: [Error: Failed to find Server Action "x". This request might be from an older or newer deployment. Original error: Cannot read properties of undefined (reading 'workers')
2026-03-24T06:09:32: Read more: https://nextjs.org/docs/messages/failed-to-find-server-action]
2026-03-24T07:07:35: [Error: Failed to find Server Action "x". This request might be from an older or newer deployment. Original error: Cannot read properties of undefined (reading 'workers')
2026-03-24T07:07:35: Read more: https://nextjs.org/docs/messages/failed-to-find-server-action]
2026-03-24T07:47:04: [Error: Failed to find Server Action "x". This request might be from an older or newer deployment. Original error: Cannot read properties of undefined (reading 'workers')
2026-03-24T07:47:04: Read more: https://nextjs.org/docs/messages/failed-to-find-server-action]
2026-03-24T07:56:26: [Error: Failed to find Server Action "x". This request might be from an older or newer deployment. Original error: Cannot read properties of undefined (reading 'workers')
2026-03-24T07:56:26: Read more: https://nextjs.org/docs/messages/failed-to-find-server-action]
2026-03-24T07:56:27: [Error: Failed to find Server Action "x". This request might be from an older or newer deployment. Original error: Cannot read properties of undefined (reading 'workers')
2026-03-24T07:56:27: Read more: https://nextjs.org/docs/messages/failed-to-find-server-action]
2026-03-24T10:52:00: [Error: Failed to find Server Action "x". This request might be from an older or newer deployment. Original error: Cannot read properties of undefined (reading 'workers')
2026-03-24T10:52:00: Read more: https://nextjs.org/docs/messages/failed-to-find-server-action]
2026-03-24T13:58:55: [Error: Failed to find Server Action "x". This request might be from an older or newer deployment. Original error: Cannot read properties of undefined (reading 'workers')
2026-03-24T13:58:55: Read more: https://nextjs.org/docs/messages/failed-to-find-server-action]
2026-03-24T16:12:40:  ⨯ SyntaxError: Bad escaped character in JSON at position 94760
2026-03-24T16:12:40:     at JSON.parse (<anonymous>) {
2026-03-24T16:12:40:   digest: '675287852'
2026-03-24T16:12:40: }
2026-03-24T16:12:40:  ⨯ SyntaxError: Bad escaped character in JSON at position 94760
2026-03-24T16:12:40:     at JSON.parse (<anonymous>) {
2026-03-24T16:12:40:   digest: '675287852'
2026-03-24T16:12:40: }
2026-03-24T16:12:41:  ⨯ SyntaxError: Bad escaped character in JSON at position 184
2026-03-24T16:12:41:     at JSON.parse (<anonymous>) {
2026-03-24T16:12:41:   digest: '1635283884'
2026-03-24T16:12:41: }
2026-03-24T16:12:42:  ⨯ SyntaxError: Bad escaped character in JSON at position 184
2026-03-24T16:12:42:     at JSON.parse (<anonymous>) {
2026-03-24T16:12:42:   digest: '1635283884'
2026-03-24T16:12:42: }
2026-03-24T16:12:44:  ⨯ SyntaxError: Bad escaped character in JSON at position 143
2026-03-24T16:12:44:     at JSON.parse (<anonymous>) {
2026-03-24T16:12:44:   digest: '2263858220'
2026-03-24T16:12:44: }
2026-03-24T16:12:44:  ⨯ SyntaxError: Bad escaped character in JSON at position 143
2026-03-24T16:12:44:     at JSON.parse (<anonymous>) {
2026-03-24T16:12:44:   digest: '2263858220'
2026-03-24T16:12:44: }
2026-03-24T18:41:07:  ⨯ SyntaxError: Bad control character in string literal in JSON at position 171
2026-03-24T18:41:07:     at JSON.parse (<anonymous>) {
2026-03-24T18:41:07:   digest: '4161956908'
2026-03-24T18:41:07: }
2026-03-24T18:41:07:  ⨯ SyntaxError: Expected ',' or '}' after property value in JSON at position 199
2026-03-24T18:41:07:     at JSON.parse (<anonymous>) {
2026-03-24T18:41:07:   digest: '755858956'
2026-03-24T18:41:07: }
2026-03-24T18:41:18:  ⨯ SyntaxError: Expected ',' or '}' after property value in JSON at position 199
2026-03-24T18:41:18:     at JSON.parse (<anonymous>) {
2026-03-24T18:41:18:   digest: '755858956'
2026-03-24T18:41:18: }
2026-03-24T23:27:24: [Error: Failed to find Server Action "x". This request might be from an older or newer deployment. Original error: Cannot read properties of undefined (reading 'workers')
2026-03-24T23:27:24: Read more: https://nextjs.org/docs/messages/failed-to-find-server-action]
2026-03-25T03:00:44: [Error: Failed to find Server Action "x". This request might be from an older or newer deployment. Original error: Cannot read properties of undefined (reading 'workers')
2026-03-25T03:00:44: Read more: https://nextjs.org/docs/messages/failed-to-find-server-action]
2026-03-25T03:08:39: [Error: Failed to find Server Action "x". This request might be from an older or newer deployment. Original error: Cannot read properties of undefined (reading 'workers')
2026-03-25T03:08:39: Read more: https://nextjs.org/docs/messages/failed-to-find-server-action]
2026-03-25T06:29:39: [Error: Failed to find Server Action "x". This request might be from an older or newer deployment. Original error: Cannot read properties of undefined (reading 'workers')
2026-03-25T06:29:39: Read more: https://nextjs.org/docs/messages/failed-to-find-server-action]
2026-03-25T09:57:14: [Error: Failed to find Server Action "x". This request might be from an older or newer deployment. Original error: Cannot read properties of undefined (reading 'workers')
2026-03-25T09:57:14: Read more: https://nextjs.org/docs/messages/failed-to-find-server-action]
2026-03-25T13:51:41: [Error: Failed to find Server Action "x". This request might be from an older or newer deployment. Original error: Cannot read properties of undefined (reading 'workers')
2026-03-25T13:51:41: Read more: https://nextjs.org/docs/messages/failed-to-find-server-action]
2026-03-25T17:13:52: [Error: Failed to find Server Action "x". This request might be from an older or newer deployment. Original error: Cannot read properties of undefined (reading 'workers')
2026-03-25T17:13:52: Read more: https://nextjs.org/docs/messages/failed-to-find-server-action]
2026-03-25T20:37:35: [Error: Failed to find Server Action "x". This request might be from an older or newer deployment. Original error: Cannot read properties of undefined (reading 'workers')
2026-03-25T20:37:35: Read more: https://nextjs.org/docs/messages/failed-to-find-server-action]
2026-03-25T22:04:34: [Error: Failed to find Server Action "x". This request might be from an older or newer deployment. Original error: Cannot read properties of undefined (reading 'workers')
2026-03-25T22:04:34: Read more: https://nextjs.org/docs/messages/failed-to-find-server-action]
2026-03-25T22:20:51: [Error: Failed to find Server Action "x". This request might be from an older or newer deployment. Original error: Cannot read properties of undefined (reading 'workers')
2026-03-25T22:20:51: Read more: https://nextjs.org/docs/messages/failed-to-find-server-action]
2026-03-25T23:33:51: [Error: Failed to find Server Action "x". This request might be from an older or newer deployment. Original error: Cannot read properties of undefined (reading 'workers')
2026-03-25T23:33:51: Read more: https://nextjs.org/docs/messages/failed-to-find-server-action]
2026-03-26T00:48:57: [Error: Failed to find Server Action "x". This request might be from an older or newer deployment. Original error: Cannot read properties of undefined (reading 'workers')
2026-03-26T00:48:57: Read more: https://nextjs.org/docs/messages/failed-to-find-server-action]
2026-03-26T06:03:47: [Error: Failed to find Server Action "x". This request might be from an older or newer deployment. Original error: Cannot read properties of undefined (reading 'workers')
2026-03-26T06:03:47: Read more: https://nextjs.org/docs/messages/failed-to-find-server-action]
2026-03-26T16:54:22: [Error: Failed to find Server Action "x". This request might be from an older or newer deployment. Original error: Cannot read properties of undefined (reading 'workers')
2026-03-26T16:54:22: Read more: https://nextjs.org/docs/messages/failed-to-find-server-action]
2026-03-26T17:05:57: [Error: Failed to find Server Action "x". This request might be from an older or newer deployment. Original error: Cannot read properties of undefined (reading 'workers')
2026-03-26T17:05:57: Read more: https://nextjs.org/docs/messages/failed-to-find-server-action]
2026-03-26T19:58:17: [Error: Failed to find Server Action "x". This request might be from an older or newer deployment. Original error: Cannot read properties of undefined (reading 'workers')
2026-03-26T19:58:17: Read more: https://nextjs.org/docs/messages/failed-to-find-server-action]
2026-03-26T21:53:05: [Error: Failed to find Server Action "x". This request might be from an older or newer deployment. Original error: Cannot read properties of undefined (reading 'workers')
2026-03-26T21:53:05: Read more: https://nextjs.org/docs/messages/failed-to-find-server-action]
2026-03-26T22:52:08: [Error: Failed to find Server Action "x". This request might be from an older or newer deployment. Original error: Cannot read properties of undefined (reading 'workers')
2026-03-26T22:52:08: Read more: https://nextjs.org/docs/messages/failed-to-find-server-action]
2026-03-27T03:10:37: [Error: Failed to find Server Action "x". This request might be from an older or newer deployment. Original error: Cannot read properties of undefined (reading 'workers')
2026-03-27T03:10:37: Read more: https://nextjs.org/docs/messages/failed-to-find-server-action]
2026-03-27T06:13:26: [Error: Failed to find Server Action "x". This request might be from an older or newer deployment. Original error: Cannot read properties of undefined (reading 'workers')
2026-03-27T06:13:26: Read more: https://nextjs.org/docs/messages/failed-to-find-server-action]
2026-03-27T06:55:37: [Error: Failed to find Server Action "x". This request might be from an older or newer deployment. Original error: Cannot read properties of undefined (reading 'workers')
2026-03-27T06:55:37: Read more: https://nextjs.org/docs/messages/failed-to-find-server-action]
2026-03-27T06:57:49: [Error: Failed to find Server Action "x". This request might be from an older or newer deployment. Original error: Cannot read properties of undefined (reading 'workers')
2026-03-27T06:57:49: Read more: https://nextjs.org/docs/messages/failed-to-find-server-action]
2026-03-27T06:58:26: [Error: Failed to find Server Action "x". This request might be from an older or newer deployment. Original error: Cannot read properties of undefined (reading 'workers')
2026-03-27T06:58:26: Read more: https://nextjs.org/docs/messages/failed-to-find-server-action]
2026-03-27T13:15:10:  ⨯ SyntaxError: Expected ':' after property name in JSON at position 35
2026-03-27T13:15:10:     at JSON.parse (<anonymous>) {
2026-03-27T13:15:10:   digest: '4087427133'
2026-03-27T13:15:10: }
2026-03-27T13:15:10:  ⨯ SyntaxError: Expected ':' after property name in JSON at position 43
2026-03-27T13:15:10:     at JSON.parse (<anonymous>) {
2026-03-27T13:15:10:   digest: '1867969149'
2026-03-27T13:15:10: }
2026-03-27T15:27:12:  ⨯ SyntaxError: Expected ':' after property name in JSON at position 37
2026-03-27T15:27:12:     at JSON.parse (<anonymous>) {
2026-03-27T15:27:12:   digest: '1686433085'
2026-03-27T15:27:12: }
2026-03-27T15:27:12:  ⨯ SyntaxError: Unexpected token '\', "\u007b"\u0"... is not valid JSON
2026-03-27T15:27:12:     at JSON.parse (<anonymous>) {
2026-03-27T15:27:12:   digest: '1534023933'
2026-03-27T15:27:12: }
2026-03-27T15:30:56:  ⨯ SyntaxError: Expected ':' after property name in JSON at position 22
2026-03-27T15:30:56:     at JSON.parse (<anonymous>) {
2026-03-27T15:30:56:   digest: '3388165181'
2026-03-27T15:30:56: }
2026-03-27T15:30:56:  ⨯ SyntaxError: Expected ':' after property name in JSON at position 35
2026-03-27T15:30:56:     at JSON.parse (<anonymous>) {
2026-03-27T15:30:56:   digest: '4087427133'
2026-03-27T15:30:56: }
2026-03-27T21:09:31:  ⨯ SyntaxError: Expected property name or '}' in JSON at position 1
2026-03-27T21:09:31:     at JSON.parse (<anonymous>) {
2026-03-27T21:09:31:   digest: '985787645'
2026-03-27T21:09:31: }
2026-03-27T21:09:31:  ⨯ SyntaxError: Unexpected token '\', ..."n\u0073e":\u007b"_ch"... is not valid JSON
2026-03-27T21:09:31:     at JSON.parse (<anonymous>) {
2026-03-27T21:09:31:   digest: '1837392957'
2026-03-27T21:09:31: }
2026-03-28T00:37:53: [Error: Failed to find Server Action "x". This request might be from an older or newer deployment. Original error: Cannot read properties of undefined (reading 'workers')
2026-03-28T00:37:53: Read more: https://nextjs.org/docs/messages/failed-to-find-server-action]
2026-03-28T09:21:25:  ⨯ SyntaxError: Expected property name or '}' in JSON at position 1
2026-03-28T09:21:25:     at JSON.parse (<anonymous>) {
2026-03-28T09:21:25:   digest: '985787645'
2026-03-28T09:21:25: }
2026-03-28T09:21:25:  ⨯ SyntaxError: Unexpected token '\', "\u007b"_re"... is not valid JSON
2026-03-28T09:21:25:     at JSON.parse (<anonymous>) {
2026-03-28T09:21:25:   digest: '1658103869'
2026-03-28T09:21:25: }
2026-03-28T10:33:18: [Error: Failed to find Server Action "x". This request might be from an older or newer deployment. Original error: Cannot read properties of undefined (reading 'workers')
2026-03-28T10:33:18: Read more: https://nextjs.org/docs/messages/failed-to-find-server-action]
2026-03-28T11:07:45: [Error: Failed to find Server Action "x". This request might be from an older or newer deployment. Original error: Cannot read properties of undefined (reading 'workers')
2026-03-28T11:07:45: Read more: https://nextjs.org/docs/messages/failed-to-find-server-action]
2026-03-28T20:45:23:  ⨯ [Error: Unexpected end of form] { digest: '1574454895' }
2026-03-28T21:09:22:  ⨯ [Error: Unexpected end of form] { digest: '1574454895' }
2026-03-28T22:22:57:  ⨯ SyntaxError: Expected ':' after property name in JSON at position 68
2026-03-28T22:22:57:     at JSON.parse (<anonymous>) {
2026-03-28T22:22:57:   digest: '1969407293'
2026-03-28T22:22:57: }
2026-03-28T22:22:57:  ⨯ SyntaxError: Expected property name or '}' in JSON at position 24
2026-03-28T22:22:57:     at JSON.parse (<anonymous>) {
2026-03-28T22:22:57:   digest: '2046930301'
2026-03-28T22:22:57: }
2026-03-29T02:43:17:  ⨯ [Error: Unexpected end of form] { digest: '1574454895' }
2026-03-29T03:06:08: [Error: Failed to find Server Action "x". This request might be from an older or newer deployment. Original error: Cannot read properties of undefined (reading 'workers')
2026-03-29T03:06:08: Read more: https://nextjs.org/docs/messages/failed-to-find-server-action]
2026-03-29T03:28:51:  ⨯ [Error: Unexpected end of form] { digest: '1574454895' }
2026-03-29T06:18:38: [Error: Failed to find Server Action "x". This request might be from an older or newer deployment. Original error: Cannot read properties of undefined (reading 'workers')
2026-03-29T06:18:38: Read more: https://nextjs.org/docs/messages/failed-to-find-server-action]
2026-03-29T09:47:02: [Error: Failed to find Server Action "x". This request might be from an older or newer deployment. Original error: Cannot read properties of undefined (reading 'workers')
2026-03-29T09:47:02: Read more: https://nextjs.org/docs/messages/failed-to-find-server-action]
2026-03-29T10:52:47: [Error: Failed to find Server Action "x". This request might be from an older or newer deployment. Original error: Cannot read properties of undefined (reading 'workers')
2026-03-29T10:52:47: Read more: https://nextjs.org/docs/messages/failed-to-find-server-action]
2026-03-29T16:01:01: [Error: Failed to find Server Action "x". This request might be from an older or newer deployment. Original error: Cannot read properties of undefined (reading 'workers')
2026-03-29T16:01:01: Read more: https://nextjs.org/docs/messages/failed-to-find-server-action]
2026-03-29T19:20:41: [Error: Failed to find Server Action "x". This request might be from an older or newer deployment. Original error: Cannot read properties of undefined (reading 'workers')
2026-03-29T19:20:41: Read more: https://nextjs.org/docs/messages/failed-to-find-server-action]
2026-03-29T20:12:44: [Error: Failed to find Server Action "x". This request might be from an older or newer deployment. Original error: Cannot read properties of undefined (reading 'workers')
2026-03-29T20:12:44: Read more: https://nextjs.org/docs/messages/failed-to-find-server-action]
2026-03-29T20:37:45: [Error: Failed to find Server Action "x". This request might be from an older or newer deployment. Original error: Cannot read properties of undefined (reading 'workers')
2026-03-29T20:37:45: Read more: https://nextjs.org/docs/messages/failed-to-find-server-action]
2026-03-30T00:49:13: [Error: Failed to find Server Action "x". This request might be from an older or newer deployment. Original error: Cannot read properties of undefined (reading 'workers')
2026-03-30T00:49:13: Read more: https://nextjs.org/docs/messages/failed-to-find-server-action]
2026-03-30T00:49:15: [Error: Failed to find Server Action "x". This request might be from an older or newer deployment. Original error: Cannot read properties of undefined (reading 'workers')
2026-03-30T00:49:15: Read more: https://nextjs.org/docs/messages/failed-to-find-server-action]
2026-03-30T06:11:36: [Error: Failed to find Server Action "x". This request might be from an older or newer deployment. Original error: Cannot read properties of undefined (reading 'workers')
2026-03-30T06:11:36: Read more: https://nextjs.org/docs/messages/failed-to-find-server-action]
2026-03-30T10:12:47: [Error: Failed to find Server Action "x". This request might be from an older or newer deployment. Original error: Cannot read properties of undefined (reading 'workers')
2026-03-30T10:12:47: Read more: https://nextjs.org/docs/messages/failed-to-find-server-action]
2026-03-30T13:07:41: [Error: Failed to find Server Action "r". This request might be from an older or newer deployment. Original error: Cannot read properties of undefined (reading 'workers')
2026-03-30T13:07:41: Read more: https://nextjs.org/docs/messages/failed-to-find-server-action]
2026-03-30T14:09:48: [Error: Failed to find Server Action "j". This request might be from an older or newer deployment. Original error: Cannot read properties of undefined (reading 'workers')
2026-03-30T14:09:48: Read more: https://nextjs.org/docs/messages/failed-to-find-server-action]
2026-03-30T14:38:07:  ⨯ SyntaxError: Expected ',' or '}' after property value in JSON at position 199
2026-03-30T14:38:07:     at JSON.parse (<anonymous>) {
2026-03-30T14:38:07:   digest: '755858956'
2026-03-30T14:38:07: }
2026-03-30T14:38:07:  ⨯ SyntaxError: Bad control character in string literal in JSON at position 171
2026-03-30T14:38:07:     at JSON.parse (<anonymous>) {
2026-03-30T14:38:07:   digest: '4161956908'
2026-03-30T14:38:07: }
2026-03-30T14:38:07:  ⨯ SyntaxError: Bad control character in string literal in JSON at position 171
2026-03-30T14:38:07:     at JSON.parse (<anonymous>) {
2026-03-30T14:38:07:   digest: '4161956908'
2026-03-30T14:38:07: }
2026-03-30T14:38:17:  ⨯ SyntaxError: Expected ',' or '}' after property value in JSON at position 199
2026-03-30T14:38:17:     at JSON.parse (<anonymous>) {
2026-03-30T14:38:17:   digest: '755858956'
2026-03-30T14:38:17: }
2026-03-30T18:06:16: [Error: Failed to find Server Action "x". This request might be from an older or newer deployment. Original error: Cannot read properties of undefined (reading 'workers')
2026-03-30T18:06:16: Read more: https://nextjs.org/docs/messages/failed-to-find-server-action]
2026-03-30T18:06:18: [Error: Failed to find Server Action "x". This request might be from an older or newer deployment. Original error: Cannot read properties of undefined (reading 'workers')
2026-03-30T18:06:18: Read more: https://nextjs.org/docs/messages/failed-to-find-server-action]
2026-03-30T18:52:23: [Error: Failed to find Server Action "x". This request might be from an older or newer deployment. Original error: Cannot read properties of undefined (reading 'workers')
2026-03-30T18:52:23: Read more: https://nextjs.org/docs/messages/failed-to-find-server-action]
2026-03-30T18:57:50: [Error: Failed to find Server Action "x". This request might be from an older or newer deployment. Original error: Cannot read properties of undefined (reading 'workers')
2026-03-30T18:57:50: Read more: https://nextjs.org/docs/messages/failed-to-find-server-action]
2026-03-30T23:48:08: [Error: Failed to find Server Action "x". This request might be from an older or newer deployment. Original error: Cannot read properties of undefined (reading 'workers')
2026-03-30T23:48:08: Read more: https://nextjs.org/docs/messages/failed-to-find-server-action]
2026-03-30T23:56:46: [Error: Failed to find Server Action "x". This request might be from an older or newer deployment. Original error: Cannot read properties of undefined (reading 'workers')
2026-03-30T23:56:46: Read more: https://nextjs.org/docs/messages/failed-to-find-server-action]
2026-03-31T05:17:39: [Error: Failed to find Server Action "x". This request might be from an older or newer deployment. Original error: Cannot read properties of undefined (reading 'workers')
2026-03-31T05:17:39: Read more: https://nextjs.org/docs/messages/failed-to-find-server-action]
2026-03-31T06:00:06: [Error: Failed to find Server Action "x". This request might be from an older or newer deployment. Original error: Cannot read properties of undefined (reading 'workers')
2026-03-31T06:00:06: Read more: https://nextjs.org/docs/messages/failed-to-find-server-action]
2026-03-31T06:03:59: [Error: Failed to find Server Action "x". This request might be from an older or newer deployment. Original error: Cannot read properties of undefined (reading 'workers')
2026-03-31T06:03:59: Read more: https://nextjs.org/docs/messages/failed-to-find-server-action]
2026-03-31T07:19:09: [Error: Failed to find Server Action "x". This request might be from an older or newer deployment. Original error: Cannot read properties of undefined (reading 'workers')
2026-03-31T07:19:09: Read more: https://nextjs.org/docs/messages/failed-to-find-server-action]
2026-03-31T14:18:30: [Error: Failed to find Server Action "x". This request might be from an older or newer deployment. Original error: Cannot read properties of undefined (reading 'workers')
2026-03-31T14:18:30: Read more: https://nextjs.org/docs/messages/failed-to-find-server-action]
2026-03-31T15:06:01: [Error: Failed to find Server Action "1". This request might be from an older or newer deployment. Original error: Cannot read properties of undefined (reading 'workers')
2026-03-31T15:06:01: Read more: https://nextjs.org/docs/messages/failed-to-find-server-action]
2026-03-31T16:21:57: [Error: Failed to find Server Action "x". This request might be from an older or newer deployment. Original error: Cannot read properties of undefined (reading 'workers')
2026-03-31T16:21:57: Read more: https://nextjs.org/docs/messages/failed-to-find-server-action]
2026-03-31T21:38:44: [Error: Failed to find Server Action "x". This request might be from an older or newer deployment. Original error: Cannot read properties of undefined (reading 'workers')
2026-03-31T21:38:44: Read more: https://nextjs.org/docs/messages/failed-to-find-server-action]
2026-03-31T22:30:41: [Error: Failed to find Server Action "x". This request might be from an older or newer deployment. Original error: Cannot read properties of undefined (reading 'workers')
2026-03-31T22:30:41: Read more: https://nextjs.org/docs/messages/failed-to-find-server-action]
2026-04-01T03:00:01: [Error: Failed to find Server Action "x". This request might be from an older or newer deployment. Original error: Cannot read properties of undefined (reading 'workers')
2026-04-01T03:00:01: Read more: https://nextjs.org/docs/messages/failed-to-find-server-action]
2026-04-01T03:26:38: [Error: Failed to find Server Action "x". This request might be from an older or newer deployment. Original error: Cannot read properties of undefined (reading 'workers')
2026-04-01T03:26:38: Read more: https://nextjs.org/docs/messages/failed-to-find-server-action]
2026-04-01T04:50:10: [Error: Failed to find Server Action "x". This request might be from an older or newer deployment. Original error: Cannot read properties of undefined (reading 'workers')
2026-04-01T04:50:10: Read more: https://nextjs.org/docs/messages/failed-to-find-server-action]
2026-04-01T06:04:12: [Error: Failed to find Server Action "x". This request might be from an older or newer deployment. Original error: Cannot read properties of undefined (reading 'workers')
2026-04-01T06:04:12: Read more: https://nextjs.org/docs/messages/failed-to-find-server-action]
2026-04-01T08:40:45: [Error: Failed to find Server Action "x". This request might be from an older or newer deployment. Original error: Cannot read properties of undefined (reading 'workers')
2026-04-01T08:40:45: Read more: https://nextjs.org/docs/messages/failed-to-find-server-action]
2026-04-01T09:24:45: [Error: Failed to find Server Action "x". This request might be from an older or newer deployment. Original error: Cannot read properties of undefined (reading 'workers')
2026-04-01T09:24:45: Read more: https://nextjs.org/docs/messages/failed-to-find-server-action]
2026-04-01T10:59:11: [Error: Failed to find Server Action "x". This request might be from an older or newer deployment. Original error: Cannot read properties of undefined (reading 'workers')
2026-04-01T10:59:11: Read more: https://nextjs.org/docs/messages/failed-to-find-server-action]
2026-04-01T11:19:59: [Error: Failed to find Server Action "x". This request might be from an older or newer deployment. Original error: Cannot read properties of undefined (reading 'workers')
2026-04-01T11:19:59: Read more: https://nextjs.org/docs/messages/failed-to-find-server-action]
2026-04-01T13:11:26: [Error: Failed to find Server Action "x". This request might be from an older or newer deployment. Original error: Cannot read properties of undefined (reading 'workers')
2026-04-01T13:11:26: Read more: https://nextjs.org/docs/messages/failed-to-find-server-action]
2026-04-01T17:55:40: [Error: Failed to find Server Action "x". This request might be from an older or newer deployment. Original error: Cannot read properties of undefined (reading 'workers')
2026-04-01T17:55:40: Read more: https://nextjs.org/docs/messages/failed-to-find-server-action]
2026-04-01T18:42:13: [Error: Failed to find Server Action "x". This request might be from an older or newer deployment. Original error: Cannot read properties of undefined (reading 'workers')
2026-04-01T18:42:13: Read more: https://nextjs.org/docs/messages/failed-to-find-server-action]
2026-04-02T01:29:49: [Error: Failed to find Server Action "x". This request might be from an older or newer deployment. Original error: Cannot read properties of undefined (reading 'workers')
2026-04-02T01:29:49: Read more: https://nextjs.org/docs/messages/failed-to-find-server-action]
2026-04-02T01:29:50: [Error: Failed to find Server Action "x". This request might be from an older or newer deployment. Original error: Cannot read properties of undefined (reading 'workers')
2026-04-02T01:29:50: Read more: https://nextjs.org/docs/messages/failed-to-find-server-action]
2026-04-02T05:07:18: [Error: Failed to find Server Action "x". This request might be from an older or newer deployment. Original error: Cannot read properties of undefined (reading 'workers')
2026-04-02T05:07:18: Read more: https://nextjs.org/docs/messages/failed-to-find-server-action]
2026-04-02T08:37:36: [Error: Failed to find Server Action "x". This request might be from an older or newer deployment. Original error: Cannot read properties of undefined (reading 'workers')
2026-04-02T08:37:36: Read more: https://nextjs.org/docs/messages/failed-to-find-server-action]
2026-04-02T10:17:01: [Error: Failed to find Server Action "x". This request might be from an older or newer deployment. Original error: Cannot read properties of undefined (reading 'workers')
2026-04-02T10:17:01: Read more: https://nextjs.org/docs/messages/failed-to-find-server-action]
2026-04-02T12:20:37: [Error: Failed to find Server Action "x". This request might be from an older or newer deployment. Original error: Cannot read properties of undefined (reading 'workers')
2026-04-02T12:20:37: Read more: https://nextjs.org/docs/messages/failed-to-find-server-action]
2026-04-02T15:27:20: [Error: Failed to find Server Action "x". This request might be from an older or newer deployment. Original error: Cannot read properties of undefined (reading 'workers')
2026-04-02T15:27:20: Read more: https://nextjs.org/docs/messages/failed-to-find-server-action]
2026-04-02T19:15:42: [Error: Failed to find Server Action "x". This request might be from an older or newer deployment. Original error: Cannot read properties of undefined (reading 'workers')
2026-04-02T19:15:42: Read more: https://nextjs.org/docs/messages/failed-to-find-server-action]
2026-04-02T20:05:37: [Error: Failed to find Server Action "x". This request might be from an older or newer deployment. Original error: Cannot read properties of undefined (reading 'workers')
2026-04-02T20:05:37: Read more: https://nextjs.org/docs/messages/failed-to-find-server-action]
2026-04-02T22:58:54: [Error: Failed to find Server Action "x". This request might be from an older or newer deployment. Original error: Cannot read properties of undefined (reading 'workers')
2026-04-02T22:58:54: Read more: https://nextjs.org/docs/messages/failed-to-find-server-action]
2026-04-03T08:34:25: [Error: Failed to find Server Action "x". This request might be from an older or newer deployment. Original error: Cannot read properties of undefined (reading 'workers')
2026-04-03T08:34:25: Read more: https://nextjs.org/docs/messages/failed-to-find-server-action]
2026-04-03T10:13:10: [Error: Failed to find Server Action "x". This request might be from an older or newer deployment. Original error: Cannot read properties of undefined (reading 'workers')
2026-04-03T10:13:10: Read more: https://nextjs.org/docs/messages/failed-to-find-server-action]
2026-04-03T23:39:20: [Error: Failed to find Server Action "x". This request might be from an older or newer deployment. Original error: Cannot read properties of undefined (reading 'workers')
2026-04-03T23:39:20: Read more: https://nextjs.org/docs/messages/failed-to-find-server-action]
2026-04-03T23:56:55: [Error: Failed to find Server Action "x". This request might be from an older or newer deployment. Original error: Cannot read properties of undefined (reading 'workers')
2026-04-03T23:56:55: Read more: https://nextjs.org/docs/messages/failed-to-find-server-action]
2026-04-04T05:57:26: [Error: Failed to find Server Action "x". This request might be from an older or newer deployment. Original error: Cannot read properties of undefined (reading 'workers')
2026-04-04T05:57:26: Read more: https://nextjs.org/docs/messages/failed-to-find-server-action]
2026-04-04T06:08:22: [Error: Failed to find Server Action "x". This request might be from an older or newer deployment. Original error: Cannot read properties of undefined (reading 'workers')
2026-04-04T06:08:22: Read more: https://nextjs.org/docs/messages/failed-to-find-server-action]
2026-04-04T07:15:03: [Error: Failed to find Server Action "x". This request might be from an older or newer deployment. Original error: Cannot read properties of undefined (reading 'workers')
2026-04-04T07:15:03: Read more: https://nextjs.org/docs/messages/failed-to-find-server-action]
2026-04-04T10:17:04: [Error: Failed to find Server Action "x". This request might be from an older or newer deployment. Original error: Cannot read properties of undefined (reading 'workers')
2026-04-04T10:17:04: Read more: https://nextjs.org/docs/messages/failed-to-find-server-action]
2026-04-04T11:09:59: [Error: Failed to find Server Action "x". This request might be from an older or newer deployment. Original error: Cannot read properties of undefined (reading 'workers')
2026-04-04T11:09:59: Read more: https://nextjs.org/docs/messages/failed-to-find-server-action]
2026-04-04T19:02:00:  ⨯ [Error: Unexpected end of form] { digest: '1574454895' }
2026-04-04T19:54:30:  ⨯ [Error: Unexpected end of form] { digest: '1574454895' }
2026-04-05T00:46:40: [Error: Failed to find Server Action "5fe9628c". This request might be from an older or newer deployment. Original error: Cannot read properties of undefined (reading 'workers')
2026-04-05T00:46:40: Read more: https://nextjs.org/docs/messages/failed-to-find-server-action]
2026-04-05T01:31:46:  ⨯ [Error: Unexpected end of form] { digest: '1574454895' }
2026-04-05T02:44:34: [Error: Failed to find Server Action "x". This request might be from an older or newer deployment. Original error: Cannot read properties of undefined (reading 'workers')
2026-04-05T02:44:34: Read more: https://nextjs.org/docs/messages/failed-to-find-server-action]
2026-04-05T02:59:53: [Error: Failed to find Server Action "x". This request might be from an older or newer deployment. Original error: Cannot read properties of undefined (reading 'workers')
2026-04-05T02:59:53: Read more: https://nextjs.org/docs/messages/failed-to-find-server-action]
2026-04-05T03:33:03: [Error: Failed to find Server Action "m". This request might be from an older or newer deployment. Original error: Cannot read properties of undefined (reading 'workers')
2026-04-05T03:33:03: Read more: https://nextjs.org/docs/messages/failed-to-find-server-action]
2026-04-05T04:29:50: [Error: Failed to find Server Action "l". This request might be from an older or newer deployment. Original error: Cannot read properties of undefined (reading 'workers')
2026-04-05T04:29:50: Read more: https://nextjs.org/docs/messages/failed-to-find-server-action]
2026-04-05T04:32:54:  ⨯ [TypeError: Failed to parse body as FormData.]
2026-04-05T04:32:54:  ⨯ [TypeError: Failed to parse body as FormData.]
2026-04-05T04:33:17:  ⨯ [TypeError: Failed to parse body as FormData.]
2026-04-05T04:33:17:  ⨯ [TypeError: Failed to parse body as FormData.]
2026-04-05T04:33:18:  ⨯ [TypeError: Failed to parse body as FormData.]
2026-04-05T04:33:18:  ⨯ [TypeError: Failed to parse body as FormData.]
2026-04-05T04:33:19:  ⨯ [TypeError: Failed to parse body as FormData.]
2026-04-05T04:33:19:  ⨯ [TypeError: Failed to parse body as FormData.]
2026-04-05T04:33:20:  ⨯ [TypeError: Failed to parse body as FormData.]
2026-04-05T04:33:20:  ⨯ [TypeError: Failed to parse body as FormData.]
2026-04-05T04:33:24:  ⨯ [TypeError: Failed to parse body as FormData.]
2026-04-05T04:33:24:  ⨯ [TypeError: Failed to parse body as FormData.]
2026-04-05T04:33:25:  ⨯ [TypeError: Failed to parse body as FormData.]
2026-04-05T04:33:25:  ⨯ [TypeError: Failed to parse body as FormData.]
2026-04-05T04:33:39:  ⨯ [TypeError: Failed to parse body as FormData.]
2026-04-05T04:33:39:  ⨯ [TypeError: Failed to parse body as FormData.]
2026-04-05T04:33:45:  ⨯ [TypeError: Failed to parse body as FormData.]
2026-04-05T04:33:45:  ⨯ [TypeError: Failed to parse body as FormData.]
2026-04-05T04:34:22:  ⨯ [TypeError: Failed to parse body as FormData.]
2026-04-05T04:34:22:  ⨯ [TypeError: Failed to parse body as FormData.]
2026-04-05T04:34:26:  ⨯ [TypeError: Failed to parse body as FormData.]
2026-04-05T04:34:26:  ⨯ [TypeError: Failed to parse body as FormData.]
2026-04-05T04:34:36:  ⨯ [TypeError: Failed to parse body as FormData.]
2026-04-05T04:34:36:  ⨯ [TypeError: Failed to parse body as FormData.]
2026-04-05T04:34:48:  ⨯ [TypeError: Failed to parse body as FormData.]
2026-04-05T04:34:48:  ⨯ [TypeError: Failed to parse body as FormData.]
2026-04-05T04:34:50:  ⨯ [TypeError: Failed to parse body as FormData.]
2026-04-05T04:34:50:  ⨯ [TypeError: Failed to parse body as FormData.]
2026-04-05T04:34:57:  ⨯ [TypeError: Failed to parse body as FormData.]
2026-04-05T04:34:57:  ⨯ [TypeError: Failed to parse body as FormData.]
2026-04-05T04:35:40:  ⨯ [TypeError: Failed to parse body as FormData.]
2026-04-05T04:35:40:  ⨯ [TypeError: Failed to parse body as FormData.]
2026-04-05T04:35:42:  ⨯ [TypeError: Failed to parse body as FormData.]
2026-04-05T04:35:42:  ⨯ [TypeError: Failed to parse body as FormData.]
2026-04-05T04:35:53:  ⨯ [TypeError: Failed to parse body as FormData.]
2026-04-05T04:35:53:  ⨯ [TypeError: Failed to parse body as FormData.]
2026-04-05T07:09:18: [Error: Failed to find Server Action "x". This request might be from an older or newer deployment. Original error: Cannot read properties of undefined (reading 'workers')
2026-04-05T07:09:18: Read more: https://nextjs.org/docs/messages/failed-to-find-server-action]
2026-04-05T09:11:37: [Error: Failed to find Server Action "x". This request might be from an older or newer deployment. Original error: Cannot read properties of undefined (reading 'workers')
2026-04-05T09:11:37: Read more: https://nextjs.org/docs/messages/failed-to-find-server-action]
2026-04-05T11:11:47: [Error: Failed to find Server Action "x". This request might be from an older or newer deployment. Original error: Cannot read properties of undefined (reading 'workers')
2026-04-05T11:11:47: Read more: https://nextjs.org/docs/messages/failed-to-find-server-action]
2026-04-05T12:08:08: [Error: Failed to find Server Action "x". This request might be from an older or newer deployment. Original error: Cannot read properties of undefined (reading 'workers')
2026-04-05T12:08:08: Read more: https://nextjs.org/docs/messages/failed-to-find-server-action]
2026-04-05T13:18:22: [Error: Failed to find Server Action "x". This request might be from an older or newer deployment. Original error: Cannot read properties of undefined (reading 'workers')
2026-04-05T13:18:22: Read more: https://nextjs.org/docs/messages/failed-to-find-server-action]
2026-04-05T15:41:11: [Error: Failed to find Server Action "x". This request might be from an older or newer deployment. Original error: Cannot read properties of undefined (reading 'workers')
2026-04-05T15:41:11: Read more: https://nextjs.org/docs/messages/failed-to-find-server-action]
2026-04-05T22:18:09: [Error: Failed to find Server Action "x". This request might be from an older or newer deployment. Original error: Cannot read properties of undefined (reading 'workers')
2026-04-05T22:18:09: Read more: https://nextjs.org/docs/messages/failed-to-find-server-action]
2026-04-05T22:18:11: [Error: Failed to find Server Action "x". This request might be from an older or newer deployment. Original error: Cannot read properties of undefined (reading 'workers')
2026-04-05T22:18:11: Read more: https://nextjs.org/docs/messages/failed-to-find-server-action]
2026-04-06T01:22:13: [Error: Failed to find Server Action "x". This request might be from an older or newer deployment. Original error: Cannot read properties of undefined (reading 'workers')
2026-04-06T01:22:13: Read more: https://nextjs.org/docs/messages/failed-to-find-server-action]
2026-04-06T05:26:38: [Error: Failed to find Server Action "x". This request might be from an older or newer deployment. Original error: Cannot read properties of undefined (reading 'workers')
2026-04-06T05:26:38: Read more: https://nextjs.org/docs/messages/failed-to-find-server-action]
2026-04-06T07:17:15: [Error: Failed to find Server Action "x". This request might be from an older or newer deployment. Original error: Cannot read properties of undefined (reading 'workers')
2026-04-06T07:17:15: Read more: https://nextjs.org/docs/messages/failed-to-find-server-action]
2026-04-06T07:19:05: [Error: Failed to find Server Action "x". This request might be from an older or newer deployment. Original error: Cannot read properties of undefined (reading 'workers')
2026-04-06T07:19:05: Read more: https://nextjs.org/docs/messages/failed-to-find-server-action]
2026-04-06T07:19:05: [Error: Failed to find Server Action "x". This request might be from an older or newer deployment. Original error: Cannot read properties of undefined (reading 'workers')
2026-04-06T07:19:05: Read more: https://nextjs.org/docs/messages/failed-to-find-server-action]
2026-04-06T12:15:33: [Error: Failed to find Server Action "x". This request might be from an older or newer deployment. Original error: Cannot read properties of undefined (reading 'workers')
2026-04-06T12:15:33: Read more: https://nextjs.org/docs/messages/failed-to-find-server-action]
2026-04-06T16:04:41: [Error: Failed to find Server Action "x". This request might be from an older or newer deployment. Original error: Cannot read properties of undefined (reading 'workers')
2026-04-06T16:04:41: Read more: https://nextjs.org/docs/messages/failed-to-find-server-action]
2026-04-06T19:22:35: [Error: Failed to find Server Action "x". This request might be from an older or newer deployment. Original error: Cannot read properties of undefined (reading 'workers')
2026-04-06T19:22:35: Read more: https://nextjs.org/docs/messages/failed-to-find-server-action]
2026-04-06T21:58:03: [Error: Failed to find Server Action "x". This request might be from an older or newer deployment. Original error: Cannot read properties of undefined (reading 'workers')
2026-04-06T21:58:03: Read more: https://nextjs.org/docs/messages/failed-to-find-server-action]
2026-04-06T21:58:03: [Error: Failed to find Server Action "x". This request might be from an older or newer deployment. Original error: Cannot read properties of undefined (reading 'workers')
2026-04-06T21:58:03: Read more: https://nextjs.org/docs/messages/failed-to-find-server-action]
2026-04-06T22:35:11: [Error: Failed to find Server Action "x". This request might be from an older or newer deployment. Original error: Cannot read properties of undefined (reading 'workers')
2026-04-06T22:35:11: Read more: https://nextjs.org/docs/messages/failed-to-find-server-action]
