2026-03-23T08:42:39:    ▲ Next.js 15.2.6
2026-03-23T08:42:39:    - Local:        http://localhost:3000
2026-03-23T08:42:39:    - Network:      http://46.4.218.149:3000
2026-03-23T08:42:39: 
2026-03-23T08:42:39:  ✓ Starting...
2026-03-23T08:42:39:  ✓ Ready in 215ms
2026-03-23T08:44:45:    ▲ Next.js 15.2.6
2026-03-23T08:44:45:    - Local:        http://localhost:3000
2026-03-23T08:44:45:    - Network:      http://46.4.218.149:3000
2026-03-23T08:44:45: 
2026-03-23T08:44:45:  ✓ Starting...
2026-03-23T08:44:45:  ✓ Ready in 243ms
2026-03-23T09:07:45:    ▲ Next.js 15.2.6
2026-03-23T09:07:45:    - Local:        http://localhost:3000
2026-03-23T09:07:45:    - Network:      http://46.4.218.149:3000
2026-03-23T09:07:45: 
2026-03-23T09:07:45:  ✓ Starting...
2026-03-23T09:07:45:  ✓ Ready in 240ms
2026-03-25T06:28:50:    ▲ Next.js 15.2.6
2026-03-25T06:28:50:    - Local:        http://localhost:3000
2026-03-25T06:28:50:    - Network:      http://46.4.218.149:3000
2026-03-25T06:28:50: 
2026-03-25T06:28:50:  ✓ Starting...
2026-03-25T06:28:50:  ✓ Ready in 752ms
